JA
JAALI
JABARI
JABILO
JABIR
JABULANI
JACE
JACINTA
JACK
JACKIE
JACKSON
JACLYN
JACOB
JACOBA
JACQUELINE
JACQUES
JACQUI
JADA
JADE
JADEN
JADON
JADYN
JADZIA
JAEL
JAFARU
JAIME
JAIMIE
JAKE
JALEN
JALENE
JALIL
JAMES
JAMESE
JAMIE
JAMILA
JAN
JANA
JANAE
JANE
JANEL
JANELLE
JANET
JANETTE
JANIA
JANICE
JANINA
JANINE
JAPHETH
JARA
JARED
JARIATH
JARRETT
JARVIS
JASMINE
JASON
JASPER
JAVEN
JAY
JAYDEN
JAYME
JAZLYNN
JEAN
JEANINE
JEANNE
JEB
JEFF
JEFFERSON
JEFFREY
JEMIMA
JENGO
JENIS
JENNA
JENNELLE
JENNESSA
JENNIE
JENNIFER
JENNY
JENS
JENSEN
JERED
JEREMIAH
JEREMY
JERI
JERICA
JERICHO
JEROD
JEROEN
JEROLD
JEROM
JEROME
JEROMMEKE
JERRELL
JERRICK
JERRY
JERUSHA
JESS
JESSE
JESSICA
JESSIE
JESUS
JETHRO
JETT
JEWEL
JEWELL
JEZEBEL
JIANNA
JIHAN
JILL
JILLIAN
JIM
JIMMY
JIN
JIRA
JIRO
JOAN
JOANN
JOANNA
JOANNE
JOB
JOCASTA
JOCELYN
JOCK
JODI
JODIE
JODY
JOE
JOEL
JOELLE
JOEY
JOHANNA
JOHN
JOHNNY
JOIE
JOLA
JOLENE
JOLIE
JON
JONAH
JONATHAN
JONNY
JORDAN
JOREN
JORGE
JORN
JORRYN
JORY
JOSE
JOSEF
JOSEPH
JOSEPHINE
JOSH
JOSHUA
JOSHWA
JOSIAH
JOSIE
JOSUE
JOVAN
JOVIANNE
JOVITA
JOY
JOYCE
JOYLYN
JUAN
JUANA
JUANDALYNN
JUANITA
JUBAL
JUD
JUDAH
JUDD
JUDE
JUDITH
JUDSON
JUDY
JUJI
JULES
JULIA
JULIAN
JULIANA
JULIANNA
JULIANNE
JULIE
JULIET
JULIO
JULISHA
JULY
JUMOKE
JUN
JUNE
JUNIOR
JUSTIN
JUSTINE
JUSTISE
KABIBE
KABILI
KABIRA
KACELA
KACHINA
KACY
KADEEM
KAEL
KAELIN
KAETHE
KAHLILIA
KAI
KAIKURA
KAILEY
KAITLYN
KALB
KALEA
KALEI
KALEIGH
KALEY
KALI
KALIN
KALINDA
KALISTA
KALLI
KAMAL
KAMALI
KAME
KAMELLA
KAMERYN
KAMIL
KAMILIA
KANDE
KANE
KARA
KARAN
KARE
KAREEM
KAREN
KARENA
KARI
KARIK
KARIM
KARIMAH
KARINA
KARIS
KARL
KARLA
KARLI
KARMA
KARMINA
KARNA
KARSTON
KASEKO
KASI
KASIM
KASPAR
KASSIA
KAT
KATA
KATE
KATELIN
KATHARINE
KATHERINE
KATHIE
KATHLEEN
KATHRYN
KATHY
KATIE
KATINA
KATO
KATRINA
KATUNGI
KATY
KAULA
KAWENA
KAY
KAYA
KAYCEE
KAYLA
KAYLANA
KAYLEE
KAYO
KAYONGA
KAZ
KAZI
KAZU
KEAGAN
KEAIRA
KEB
KEDEM
KEDMA
KEEFE
KEEFER
KEEGAN
KEELAN
KEELIA
KEELY
KEENA
KEENAN
KEENE
KEEYA
KEFIRA
KEI
KEIJI
KEIKI
KEIR
KEIRA
KEIRAN
KEITA
KEITARO
KEITH
KELBY
KELDA
KELE
KELII
KELILA
KELLAN
KELLEE
KELLEN
KELLEY
KELLI
KELLSIE
KELLY
KELSEY
KELTON
KELVIN
KEN
KENADIA
KENADIE
KENDA
KENDALL
KENDI
KENDIS
KENDRA
KENISHA
KENLEY
KENNA
KENNAN
KENNEDI
KENNEDY
KENNETH
KENNY
KENT
KENTON
KENYI
KENYON
KENZIE
KEOLA
KEON
KERDA
KEREN
KERMIT
KERN
KERR
KERRI
KERRY
KESIN
KETARA
KEVIN
KEVINA
KEYANNA
KHALIDA
KHALIL
KHALIPHA
KHIRY
KHURSTEN
KIA
KIAH
KIANA
KIANDRA
KIBIBE
KIDEN
KIERAN
KIERSTEN
KIHO
KIKI
KILEY
KILLIAN
KIM
KIMBALL
KIMBERLY
KIMI
KIMMY
KIN
KINA
KINFE
KING
KINGSTON
KINIPELA
KIOKO
KIONE
KIORA
KIPLING
KIPP
KIRA
KIRABO
KIRAL
KIRBY
KIRI
KIRIL
KIRK
KIROS
KIRRA
KIRSI
KIRSTEN
KISHA
KISHI
KITA
KITOKO
KITRA
KITTY
KIYOSHI
KIZZY
KLAUS
KLITOS
KNUT
KODA
KOEN
KOKO
KOLTON
KONANE
KORDELL
KOREN
KORENE
KORI
KORY
KOSTYA
KOTO
KOURTNEY
KOZUE
KRIS
KRISTA
KRISTEN
KRISTIAN
KRISTIN
KRISTINA
KRISTINE
KRISTOPHER
KRYSTYN
KUMA
KUMI
KUMIKO
KUNIKO
KURA
KURI
KURON
KURT
KWANITA
KYLA
KYLE
KYLEIGH
KYLENE
KYLER
KYLIA
KYLIE
KYNA
KYNAN
KYNTHIA
KYNTON
KYRA
KYRENE
KYRIA
LA
LACEY
LACHLAN
LACY
LADDIE
LAEL
LAHELA
LAINA
LAIRD
LAJUAN
LAJUANA
LAKIN
LALA
LALE
LALEH
LALI
LALITA
LALO
LAMAR
LAMIA
LAMONT
LAN
LANA
LANAI
LANAYA
LANCE
LANCELOT
LANDEN
LANDERS
LANDIS
LANDON
LANDRY
LANE
LANELLE
LANG
LANGER
LANGSTON
LANI
LANKSTON
LANZA
LAQUETA
LARA
LARAINE
LAREINA
LARISSA
LARK
LARRY
LARS
LARUE
LARVALL
LASCA
LASSIE
LASZLO
LATANYA
LATHAM
LATHROP
LATIKA
LATIMER
LATISHA
LAURA
LAUREN
LAURENCE
LAURIE
LAVAL
LAVE
LAVERNE
LAVEY
LAVI
LAVONN
LAVONNE
LAWANDA
LAWRENCE
LAWRENCIA
LAYLA
LAYNE
LAZAR
LAZARUS
LAZZARO
LEA
LEAH
LEAL
LEALA
LEANDER
LEANE
LEANNA
LEANNE
LEAVITT
LECEA
LEDA
LEDELL
LEE
LEENA
LEETO
LEHANA
LEIA
LEIF
LEIGH
LEIGHANNA
LEILA
LEILANI
LEIMOMI
LEL
LELA
LELAND
LELIA
LEMUEL
LENA
LENCHO
LENKA
LENORA
LENORE
LENTE
LEO
LEOLA
LEOMA
LEON
LEONA
LEONARD
LEONE
LEONIE
LEONORA
LEONZAL
LEOPOLD
LEORA
LERATO
LEROY
LES
LESA
LESLEY
LESLIE
LESTER
LETITIA
LEV
LEVANA
LEVERETT
LEVI
LEVIA
LEVON
LEWA
LEWIS
LEX
LEXI
LEXINE
LEXISS
LIA
LIAM
LIAN
LIANA
LIBBA
LIBBY
LIBERTY
LIDA
LIDIA
LIEN
LIKO
LILA
LILAC
LILAH
LILIA
LILIHA
LILITH
LILLI
LILLIAN
LILO
LILY
LIN
LINA
LINCOLN
LINDA
LINDLEY
LINDSAY
LINDSEY
LINDY
LINETTE
LINUS
LIONA
LIONEL
LIRIT
LISA
LISBET
LISETTE
LISIMBA
LISLE
LIV
LIVANA
LIVI
LIVIA
LIVVY
LIXUE
LIZ
LIZA
LIZBETH
LIZINA
LLEWELLYN
LLOYD
LOBA
LOBO
LOCKE
LOE
LOGAN
LOIS
LOLA
LOLONYO
LOLOVIVI
LOMAN
LONA
LONATO
LONDON
LONNA
LONNIE
LONNIT
LORA
LORELEI
LORENA
LORENZO
LORETTA
LORI
LORIE
LORIMER
LORIN
LORING
LORNA
LORNE
LORRAINE
LORRETTA
LOTTA
LOTTE
LOTUS
LOU
LOUANNA
LOUGHLIN
LOUIS
LOUISA
LOUISE
LOURA
LOURANA
LOURDES
LOURINE
LOVE
LOVETTE
LOVEY
LOVIE
LOWELL
LUAM
LUANA
LUCAS
LUCE
LUCIA
LUCIAN
LUCIE
LUCILLE
LUCINDA
LUCIO
LUCIUS
LUCRETIA
LUCUS
LUCY
LUDLOW
LUDWIG
LUIGI
LUIS
LUKE
LULA
LULLI
LULU
LUNA
LUNDY
LUNETTE
LUPE
LUPITA
LUTHANDO
LUTHER
LXPREE
LYDE
LYDIA
LYLE
LYN
LYNCH
LYNDA
LYNDE
LYNDEL
LYNDON
LYNDSEY
LYNELLE
LYNETTE
LYNLEY
LYNN
LYNNA
LYNNE
LYNNEA
LYNTON
LYRE
LYRIS
LYSA
LYSANDER
LYSANDRA
KRISTOPHER
